<?xml version="1.0" encoding="UTF-8"?>
<testng-results skipped="0" failed="1" ignored="0" total="1" passed="0">
  <reporter-output>
  </reporter-output>
  <suite name="Mobile Test" duration-ms="40663" started-at="2022-01-07T14:16:39 WIB" finished-at="2022-01-07T14:17:19 WIB">
    <groups>
    </groups>
    <test name="Command line test" duration-ms="40663" started-at="2022-01-07T14:16:39 WIB" finished-at="2022-01-07T14:17:19 WIB">
      <class name="com.orlansoft.mobiletestautomation.QuickTest">
        <test-method status="PASS" signature="setup()[pri:0, instance:com.orlansoft.mobiletestautomation.QuickTest@b97c004]" name="setup" is-config="true" duration-ms="12421" started-at="2022-01-07T14:16:39 WIB" finished-at="2022-01-07T14:16:51 WIB">
          <reporter-output>
          </reporter-output>
        </test-method> <!-- setup -->
        <test-method status="FAIL" signature="basicTest()[pri:0, instance:com.orlansoft.mobiletestautomation.QuickTest@b97c004]" name="basicTest" duration-ms="27744" started-at="2022-01-07T14:16:51 WIB" finished-at="2022-01-07T14:17:19 WIB">
          <exception class="io.appium.java_client.NoSuchContextException">
            <message>
              <![CDATA[An unknown server-side error occurred while processing the command. Original error: No Chromedriver found that can automate Chrome '93.0.4577'. See https://github.com/appium/appium/blob/master/docs/en/writing-running-appium/web/chromedriver.md for more details
Build info: version: '3.141.59', revision: 'e82be7d358', time: '2018-11-14T08:17:03'
System info: host: 'Orlansoft-web6', ip: '127.0.1.1', os.name: 'Linux', os.arch: 'amd64', os.version: '5.4.0-73-generic', java.version: '1.8.0_192'
Driver info: io.appium.java_client.android.AndroidDriver
Capabilities {appActivity: com.ionic.odsscm.MainActivity, appPackage: com.ionic.odsscm, autoGrantPermissions: true, databaseEnabled: false, desired: {appActivity: com.ionic.odsscm.MainActivity, appPackage: com.ionic.odsscm, autoGrantPermissions: true, deviceName: 2c1b9b4a, noReset: false, platformName: android, platformVersion: 9.0, skipUnlock: false, udid: 057585317d28}, deviceApiLevel: 28, deviceManufacturer: Xiaomi, deviceModel: Redmi 6, deviceName: 057585317d28, deviceScreenDensity: 320, deviceScreenSize: 720x1440, deviceUDID: 057585317d28, javascriptEnabled: true, locationContextEnabled: false, networkConnectionEnabled: true, noReset: false, pixelRatio: 2, platform: LINUX, platformName: Android, platformVersion: 9, skipUnlock: false, statBarHeight: 48, takesScreenshot: true, udid: 057585317d28, viewportRect: {height: 1296, left: 0, top: 48, width: 720}, warnings: {}, webStorageEnabled: false}
Session ID: e264ec33-46a3-4916-9918-5b644354b7c6]]>
            </message>
            <full-stacktrace>
              <![CDATA[io.appium.java_client.NoSuchContextException: An unknown server-side error occurred while processing the command. Original error: No Chromedriver found that can automate Chrome '93.0.4577'. See https://github.com/appium/appium/blob/master/docs/en/writing-running-appium/web/chromedriver.md for more details
Build info: version: '3.141.59', revision: 'e82be7d358', time: '2018-11-14T08:17:03'
System info: host: 'Orlansoft-web6', ip: '127.0.1.1', os.name: 'Linux', os.arch: 'amd64', os.version: '5.4.0-73-generic', java.version: '1.8.0_192'
Driver info: io.appium.java_client.android.AndroidDriver
Capabilities {appActivity: com.ionic.odsscm.MainActivity, appPackage: com.ionic.odsscm, autoGrantPermissions: true, databaseEnabled: false, desired: {appActivity: com.ionic.odsscm.MainActivity, appPackage: com.ionic.odsscm, autoGrantPermissions: true, deviceName: 2c1b9b4a, noReset: false, platformName: android, platformVersion: 9.0, skipUnlock: false, udid: 057585317d28}, deviceApiLevel: 28, deviceManufacturer: Xiaomi, deviceModel: Redmi 6, deviceName: 057585317d28, deviceScreenDensity: 320, deviceScreenSize: 720x1440, deviceUDID: 057585317d28, javascriptEnabled: true, locationContextEnabled: false, networkConnectionEnabled: true, noReset: false, pixelRatio: 2, platform: LINUX, platformName: Android, platformVersion: 9, skipUnlock: false, statBarHeight: 48, takesScreenshot: true, udid: 057585317d28, viewportRect: {height: 1296, left: 0, top: 48, width: 720}, warnings: {}, webStorageEnabled: false}
Session ID: e264ec33-46a3-4916-9918-5b644354b7c6
at io.appium.java_client.AppiumDriver.context(AppiumDriver.java:232)
at com.orlansoft.mobiletestautomation.QuickTest.basicTest(QuickTest.java:46)
at sun.reflect.NativeMethodAccessorImpl.invoke0(Native Method)
at sun.reflect.NativeMethodAccessorImpl.invoke(NativeMethodAccessorImpl.java:62)
at sun.reflect.DelegatingMethodAccessorImpl.invoke(DelegatingMethodAccessorImpl.java:43)
at java.lang.reflect.Method.invoke(Method.java:498)
at org.testng.internal.MethodInvocationHelper.invokeMethod(MethodInvocationHelper.java:133)
at org.testng.internal.TestInvoker.invokeMethod(TestInvoker.java:598)
at org.testng.internal.TestInvoker.invokeTestMethod(TestInvoker.java:173)
at org.testng.internal.MethodRunner.runInSequence(MethodRunner.java:46)
at org.testng.internal.TestInvoker$MethodInvocationAgent.invoke(TestInvoker.java:824)
at org.testng.internal.TestInvoker.invokeTestMethods(TestInvoker.java:146)
at org.testng.internal.TestMethodWorker.invokeTestMethods(TestMethodWorker.java:146)
at org.testng.internal.TestMethodWorker.run(TestMethodWorker.java:128)
at java.util.ArrayList.forEach(ArrayList.java:1257)
at org.testng.TestRunner.privateRun(TestRunner.java:794)
at org.testng.TestRunner.run(TestRunner.java:596)
at org.testng.SuiteRunner.runTest(SuiteRunner.java:377)
at org.testng.SuiteRunner.runSequentially(SuiteRunner.java:371)
at org.testng.SuiteRunner.privateRun(SuiteRunner.java:332)
at org.testng.SuiteRunner.run(SuiteRunner.java:276)
at org.testng.SuiteRunnerWorker.runSuite(SuiteRunnerWorker.java:53)
at org.testng.SuiteRunnerWorker.run(SuiteRunnerWorker.java:96)
at org.testng.TestNG.runSuitesSequentially(TestNG.java:1212)
at org.testng.TestNG.runSuitesLocally(TestNG.java:1134)
at org.testng.TestNG.runSuites(TestNG.java:1063)
at org.testng.TestNG.run(TestNG.java:1031)
at com.orlansoft.mobiletestautomation.RunTest.main(RunTest.java:13)
Caused by: org.openqa.selenium.WebDriverException: An unknown server-side error occurred while processing the command. Original error: No Chromedriver found that can automate Chrome '93.0.4577'. See https://github.com/appium/appium/blob/master/docs/en/writing-running-appium/web/chromedriver.md for more details
Build info: version: '3.141.59', revision: 'e82be7d358', time: '2018-11-14T08:17:03'
System info: host: 'Orlansoft-web6', ip: '127.0.1.1', os.name: 'Linux', os.arch: 'amd64', os.version: '5.4.0-73-generic', java.version: '1.8.0_192'
Driver info: io.appium.java_client.android.AndroidDriver
Capabilities {appActivity: com.ionic.odsscm.MainActivity, appPackage: com.ionic.odsscm, autoGrantPermissions: true, databaseEnabled: false, desired: {appActivity: com.ionic.odsscm.MainActivity, appPackage: com.ionic.odsscm, autoGrantPermissions: true, deviceName: 2c1b9b4a, noReset: false, platformName: android, platformVersion: 9.0, skipUnlock: false, udid: 057585317d28}, deviceApiLevel: 28, deviceManufacturer: Xiaomi, deviceModel: Redmi 6, deviceName: 057585317d28, deviceScreenDensity: 320, deviceScreenSize: 720x1440, deviceUDID: 057585317d28, javascriptEnabled: true, locationContextEnabled: false, networkConnectionEnabled: true, noReset: false, pixelRatio: 2, platform: LINUX, platformName: Android, platformVersion: 9, skipUnlock: false, statBarHeight: 48, takesScreenshot: true, udid: 057585317d28, viewportRect: {height: 1296, left: 0, top: 48, width: 720}, warnings: {}, webStorageEnabled: false}
Session ID: e264ec33-46a3-4916-9918-5b644354b7c6
at sun.reflect.NativeConstructorAccessorImpl.newInstance0(Native Method)
at sun.reflect.NativeConstructorAccessorImpl.newInstance(NativeConstructorAccessorImpl.java:62)
at sun.reflect.DelegatingConstructorAccessorImpl.newInstance(DelegatingConstructorAccessorImpl.java:45)
at java.lang.reflect.Constructor.newInstance(Constructor.java:423)
at org.openqa.selenium.remote.http.W3CHttpResponseCodec.createException(W3CHttpResponseCodec.java:187)
at org.openqa.selenium.remote.http.W3CHttpResponseCodec.decode(W3CHttpResponseCodec.java:122)
at org.openqa.selenium.remote.http.W3CHttpResponseCodec.decode(W3CHttpResponseCodec.java:49)
at org.openqa.selenium.remote.HttpCommandExecutor.execute(HttpCommandExecutor.java:158)
at io.appium.java_client.remote.AppiumCommandExecutor.execute(AppiumCommandExecutor.java:247)
at org.openqa.selenium.remote.RemoteWebDriver.execute(RemoteWebDriver.java:552)
at io.appium.java_client.DefaultGenericMobileDriver.execute(DefaultGenericMobileDriver.java:41)
at io.appium.java_client.AppiumDriver.execute(AppiumDriver.java:1)
at io.appium.java_client.android.AndroidDriver.execute(AndroidDriver.java:1)
at io.appium.java_client.AppiumDriver.context(AppiumDriver.java:229)
... 27 more
]]>
            </full-stacktrace>
          </exception> <!-- io.appium.java_client.NoSuchContextException -->
          <reporter-output>
          </reporter-output>
        </test-method> <!-- basicTest -->
        <test-method status="PASS" signature="teardown()[pri:0, instance:com.orlansoft.mobiletestautomation.QuickTest@b97c004]" name="teardown" is-config="true" duration-ms="474" started-at="2022-01-07T14:17:19 WIB" finished-at="2022-01-07T14:17:19 WIB">
          <reporter-output>
          </reporter-output>
        </test-method> <!-- teardown -->
      </class> <!-- com.orlansoft.mobiletestautomation.QuickTest -->
    </test> <!-- Command line test -->
  </suite> <!-- Mobile Test -->
</testng-results>
